май 16, 2025 9:49:12 СЛ.ОБ. bg.sofia.uni.fmi.mjt.client.FoodAnalyzerClient start
SEVERE: Client could not connect or lost connection to server
java.net.SocketException: Connection reset
	at java.base/sun.nio.ch.SocketChannelImpl.throwConnectionReset(SocketChannelImpl.java:403)
	at java.base/sun.nio.ch.SocketChannelImpl.implRead(SocketChannelImpl.java:435)
	at java.base/sun.nio.ch.SocketChannelImpl.read(SocketChannelImpl.java:493)
	at bg.sofia.uni.fmi.mjt.client.FoodAnalyzerClient.getResponse(FoodAnalyzerClient.java:97)
	at bg.sofia.uni.fmi.mjt.client.FoodAnalyzerClient.start(FoodAnalyzerClient.java:58)
	at Main.main(Main.java:16)

май 16, 2025 9:50:29 СЛ.ОБ. bg.sofia.uni.fmi.mjt.client.FoodAnalyzerClient start
SEVERE: Client could not connect or lost connection to server
java.net.SocketException: Connection reset
	at java.base/sun.nio.ch.SocketChannelImpl.throwConnectionReset(SocketChannelImpl.java:403)
	at java.base/sun.nio.ch.SocketChannelImpl.implRead(SocketChannelImpl.java:435)
	at java.base/sun.nio.ch.SocketChannelImpl.read(SocketChannelImpl.java:493)
	at bg.sofia.uni.fmi.mjt.client.FoodAnalyzerClient.getResponse(FoodAnalyzerClient.java:97)
	at bg.sofia.uni.fmi.mjt.client.FoodAnalyzerClient.start(FoodAnalyzerClient.java:58)
	at Main.main(Main.java:16)

май 16, 2025 9:53:39 СЛ.ОБ. bg.sofia.uni.fmi.mjt.client.FoodAnalyzerClient start
SEVERE: Client could not connect or lost connection to server
java.net.SocketException: Connection reset
	at java.base/sun.nio.ch.SocketChannelImpl.throwConnectionReset(SocketChannelImpl.java:403)
	at java.base/sun.nio.ch.SocketChannelImpl.implRead(SocketChannelImpl.java:435)
	at java.base/sun.nio.ch.SocketChannelImpl.read(SocketChannelImpl.java:493)
	at bg.sofia.uni.fmi.mjt.client.FoodAnalyzerClient.getResponse(FoodAnalyzerClient.java:97)
	at bg.sofia.uni.fmi.mjt.client.FoodAnalyzerClient.start(FoodAnalyzerClient.java:58)
	at Main.main(Main.java:16)

май 16, 2025 10:05:30 СЛ.ОБ. bg.sofia.uni.fmi.mjt.client.FoodAnalyzerClient start
SEVERE: Client could not connect or lost connection to server
java.net.SocketException: Connection reset
	at java.base/sun.nio.ch.SocketChannelImpl.throwConnectionReset(SocketChannelImpl.java:403)
	at java.base/sun.nio.ch.SocketChannelImpl.implRead(SocketChannelImpl.java:435)
	at java.base/sun.nio.ch.SocketChannelImpl.read(SocketChannelImpl.java:493)
	at bg.sofia.uni.fmi.mjt.client.FoodAnalyzerClient.getResponse(FoodAnalyzerClient.java:97)
	at bg.sofia.uni.fmi.mjt.client.FoodAnalyzerClient.start(FoodAnalyzerClient.java:58)
	at Main.main(Main.java:16)

май 16, 2025 10:06:52 СЛ.ОБ. bg.sofia.uni.fmi.mjt.client.FoodAnalyzerClient start
SEVERE: Client could not connect or lost connection to server
java.net.SocketException: Connection reset
	at java.base/sun.nio.ch.SocketChannelImpl.throwConnectionReset(SocketChannelImpl.java:403)
	at java.base/sun.nio.ch.SocketChannelImpl.implRead(SocketChannelImpl.java:435)
	at java.base/sun.nio.ch.SocketChannelImpl.read(SocketChannelImpl.java:493)
	at bg.sofia.uni.fmi.mjt.client.FoodAnalyzerClient.getResponse(FoodAnalyzerClient.java:97)
	at bg.sofia.uni.fmi.mjt.client.FoodAnalyzerClient.start(FoodAnalyzerClient.java:58)
	at Main.main(Main.java:16)

май 17, 2025 1:16:18 ПР.ОБ. bg.sofia.uni.fmi.mjt.client.FoodAnalyzerClient start
SEVERE: Client could not connect or lost connection to server
java.net.ConnectException: Connection refused: connect
	at java.base/sun.nio.ch.Net.connect0(Native Method)
	at java.base/sun.nio.ch.Net.connect(Net.java:589)
	at java.base/sun.nio.ch.Net.connect(Net.java:596)
	at java.base/sun.nio.ch.SocketChannelImpl.connect(SocketChannelImpl.java:968)
	at bg.sofia.uni.fmi.mjt.client.FoodAnalyzerClient.start(FoodAnalyzerClient.java:40)
	at Main.main(Main.java:9)

май 17, 2025 1:41:54 ПР.ОБ. bg.sofia.uni.fmi.mjt.client.FoodAnalyzerClient start
SEVERE: Client could not connect or lost connection to server
java.io.IOException: Connection reset by peer
	at java.base/sun.nio.ch.SocketDispatcher.write0(Native Method)
	at java.base/sun.nio.ch.SocketDispatcher.write(SocketDispatcher.java:54)
	at java.base/sun.nio.ch.IOUtil.writeFromNativeBuffer(IOUtil.java:137)
	at java.base/sun.nio.ch.IOUtil.write(IOUtil.java:102)
	at java.base/sun.nio.ch.IOUtil.write(IOUtil.java:58)
	at java.base/sun.nio.ch.SocketChannelImpl.implWrite(SocketChannelImpl.java:566)
	at java.base/sun.nio.ch.SocketChannelImpl.write(SocketChannelImpl.java:618)
	at bg.sofia.uni.fmi.mjt.client.FoodAnalyzerClient.sendRequest(FoodAnalyzerClient.java:89)
	at bg.sofia.uni.fmi.mjt.client.FoodAnalyzerClient.start(FoodAnalyzerClient.java:56)
	at Main.main(Main.java:13)

май 17, 2025 1:51:24 ПР.ОБ. bg.sofia.uni.fmi.mjt.client.FoodAnalyzerClient start
SEVERE: Client could not connect or lost connection to server
java.net.ConnectException: Connection refused: connect
	at java.base/sun.nio.ch.Net.connect0(Native Method)
	at java.base/sun.nio.ch.Net.connect(Net.java:589)
	at java.base/sun.nio.ch.Net.connect(Net.java:596)
	at java.base/sun.nio.ch.SocketChannelImpl.connect(SocketChannelImpl.java:968)
	at bg.sofia.uni.fmi.mjt.client.FoodAnalyzerClient.start(FoodAnalyzerClient.java:40)
	at Main.main(Main.java:9)

май 17, 2025 7:26:31 СЛ.ОБ. bg.sofia.uni.fmi.mjt.client.FoodAnalyzerClient start
SEVERE: Client could not connect or lost connection to server
java.io.IOException: Connection reset by peer
	at java.base/sun.nio.ch.SocketDispatcher.write0(Native Method)
	at java.base/sun.nio.ch.SocketDispatcher.write(SocketDispatcher.java:54)
	at java.base/sun.nio.ch.IOUtil.writeFromNativeBuffer(IOUtil.java:137)
	at java.base/sun.nio.ch.IOUtil.write(IOUtil.java:102)
	at java.base/sun.nio.ch.IOUtil.write(IOUtil.java:58)
	at java.base/sun.nio.ch.SocketChannelImpl.implWrite(SocketChannelImpl.java:566)
	at java.base/sun.nio.ch.SocketChannelImpl.write(SocketChannelImpl.java:618)
	at bg.sofia.uni.fmi.mjt.client.FoodAnalyzerClient.sendRequest(FoodAnalyzerClient.java:89)
	at bg.sofia.uni.fmi.mjt.client.FoodAnalyzerClient.start(FoodAnalyzerClient.java:56)
	at Main.main(Main.java:9)

май 24, 2025 12:55:12 ПР.ОБ. bg.sofia.uni.fmi.mjt.client.FoodAnalyzerClient start
SEVERE: Client could not connect or lost connection to server
java.net.SocketException: Connection reset
	at java.base/sun.nio.ch.SocketChannelImpl.throwConnectionReset(SocketChannelImpl.java:403)
	at java.base/sun.nio.ch.SocketChannelImpl.implRead(SocketChannelImpl.java:435)
	at java.base/sun.nio.ch.SocketChannelImpl.read(SocketChannelImpl.java:493)
	at bg.sofia.uni.fmi.mjt.client.FoodAnalyzerClient.getResponse(FoodAnalyzerClient.java:100)
	at bg.sofia.uni.fmi.mjt.client.FoodAnalyzerClient.start(FoodAnalyzerClient.java:58)
	at Main.main(Main.java:9)

май 24, 2025 1:10:04 ПР.ОБ. bg.sofia.uni.fmi.mjt.client.FoodAnalyzerClient start
SEVERE: Client could not connect or lost connection to server
java.net.SocketException: Connection reset
	at java.base/sun.nio.ch.SocketChannelImpl.throwConnectionReset(SocketChannelImpl.java:403)
	at java.base/sun.nio.ch.SocketChannelImpl.implRead(SocketChannelImpl.java:435)
	at java.base/sun.nio.ch.SocketChannelImpl.read(SocketChannelImpl.java:493)
	at bg.sofia.uni.fmi.mjt.client.FoodAnalyzerClient.getResponse(FoodAnalyzerClient.java:100)
	at bg.sofia.uni.fmi.mjt.client.FoodAnalyzerClient.start(FoodAnalyzerClient.java:58)
	at Main.main(Main.java:9)

май 24, 2025 1:28:54 ПР.ОБ. bg.sofia.uni.fmi.mjt.client.FoodAnalyzerClient start
SEVERE: Client could not connect or lost connection to server
java.net.SocketException: Connection reset
	at java.base/sun.nio.ch.SocketChannelImpl.throwConnectionReset(SocketChannelImpl.java:403)
	at java.base/sun.nio.ch.SocketChannelImpl.implRead(SocketChannelImpl.java:435)
	at java.base/sun.nio.ch.SocketChannelImpl.read(SocketChannelImpl.java:493)
	at bg.sofia.uni.fmi.mjt.client.FoodAnalyzerClient.getResponse(FoodAnalyzerClient.java:100)
	at bg.sofia.uni.fmi.mjt.client.FoodAnalyzerClient.start(FoodAnalyzerClient.java:58)
	at Main.main(Main.java:9)

май 24, 2025 1:44:12 ПР.ОБ. bg.sofia.uni.fmi.mjt.client.FoodAnalyzerClient start
SEVERE: Client could not connect or lost connection to server
java.net.SocketException: Connection reset
	at java.base/sun.nio.ch.SocketChannelImpl.throwConnectionReset(SocketChannelImpl.java:403)
	at java.base/sun.nio.ch.SocketChannelImpl.implRead(SocketChannelImpl.java:435)
	at java.base/sun.nio.ch.SocketChannelImpl.read(SocketChannelImpl.java:493)
	at bg.sofia.uni.fmi.mjt.client.FoodAnalyzerClient.getResponse(FoodAnalyzerClient.java:100)
	at bg.sofia.uni.fmi.mjt.client.FoodAnalyzerClient.start(FoodAnalyzerClient.java:58)
	at Main.main(Main.java:9)

